<?xml version="1.0" encoding="UTF-8"?>
<!-- Generated by org.testng.reporters.JUnitXMLReporter -->
<testsuite ignored="0" hostname="DESKTOP-4KHU5BK" failures="0" tests="5" name="Default test" time="33.008" errors="0" timestamp="2021-10-22T16:52:38 IST">
  <testcase classname="com.sportyshoes.project.AdminHomeTest" name="verifyAdminProductsTest" time="0.518"/>
  <testcase classname="com.sportyshoes.project.AdminHomeTest" name="verifyAdminFindAllUsersTest" time="0.378"/>
  <testcase classname="com.sportyshoes.project.AdminHomeTest" name="verifyAdminFindUserTest" time="2.999"/>
  <testcase classname="com.sportyshoes.project.AdminHomeTest" name="adminCategoriesTest" time="0.206"/>
  <testcase classname="com.sportyshoes.project.AdminHomeTest" name="adminLogout" time="0.165"/>
</testsuite> <!-- Default test -->
