<?xml version="1.0" encoding="UTF-8"?>
<testng-results ignored="0" total="5" passed="5" failed="0" skipped="0">
  <reporter-output>
  </reporter-output>
  <suite started-at="2021-10-22T16:52:05 IST" name="Default suite" finished-at="2021-10-22T16:52:38 IST" duration-ms="33008">
    <groups>
    </groups>
    <test started-at="2021-10-22T16:52:05 IST" name="Default test" finished-at="2021-10-22T16:52:38 IST" duration-ms="33008">
      <class name="com.sportyshoes.project.AdminHomeTest">
        <test-method is-config="true" signature="setUp()[pri:0, instance:com.sportyshoes.project.AdminHomeTest@57cf54e1]" started-at="2021-10-22T16:52:05 IST" name="setUp" finished-at="2021-10-22T16:52:10 IST" duration-ms="5679" status="PASS">
          <reporter-output>
          </reporter-output>
        </test-method> <!-- setUp -->
        <test-method signature="verifyAdminProductsTest()[pri:1, instance:com.sportyshoes.project.AdminHomeTest@57cf54e1]" started-at="2021-10-22T16:52:10 IST" name="verifyAdminProductsTest" finished-at="2021-10-22T16:52:11 IST" duration-ms="518" status="PASS">
          <reporter-output>
          </reporter-output>
        </test-method> <!-- verifyAdminProductsTest -->
        <test-method is-config="true" signature="tearDown()[pri:0, instance:com.sportyshoes.project.AdminHomeTest@57cf54e1]" started-at="2021-10-22T16:52:11 IST" name="tearDown" finished-at="2021-10-22T16:52:12 IST" duration-ms="703" status="PASS">
          <reporter-output>
          </reporter-output>
        </test-method> <!-- tearDown -->
        <test-method is-config="true" signature="setUp()[pri:0, instance:com.sportyshoes.project.AdminHomeTest@57cf54e1]" started-at="2021-10-22T16:52:12 IST" name="setUp" finished-at="2021-10-22T16:52:16 IST" duration-ms="4097" status="PASS">
          <reporter-output>
          </reporter-output>
        </test-method> <!-- setUp -->
        <test-method signature="verifyAdminFindAllUsersTest()[pri:2, instance:com.sportyshoes.project.AdminHomeTest@57cf54e1]" started-at="2021-10-22T16:52:16 IST" name="verifyAdminFindAllUsersTest" finished-at="2021-10-22T16:52:16 IST" duration-ms="378" status="PASS">
          <reporter-output>
          </reporter-output>
        </test-method> <!-- verifyAdminFindAllUsersTest -->
        <test-method is-config="true" signature="tearDown()[pri:0, instance:com.sportyshoes.project.AdminHomeTest@57cf54e1]" started-at="2021-10-22T16:52:16 IST" name="tearDown" finished-at="2021-10-22T16:52:17 IST" duration-ms="692" status="PASS">
          <reporter-output>
          </reporter-output>
        </test-method> <!-- tearDown -->
        <test-method is-config="true" signature="setUp()[pri:0, instance:com.sportyshoes.project.AdminHomeTest@57cf54e1]" started-at="2021-10-22T16:52:17 IST" name="setUp" finished-at="2021-10-22T16:52:23 IST" duration-ms="6067" status="PASS">
          <reporter-output>
          </reporter-output>
        </test-method> <!-- setUp -->
        <test-method signature="verifyAdminFindUserTest()[pri:3, instance:com.sportyshoes.project.AdminHomeTest@57cf54e1]" started-at="2021-10-22T16:52:23 IST" name="verifyAdminFindUserTest" finished-at="2021-10-22T16:52:26 IST" duration-ms="2999" status="PASS">
          <reporter-output>
          </reporter-output>
        </test-method> <!-- verifyAdminFindUserTest -->
        <test-method is-config="true" signature="tearDown()[pri:0, instance:com.sportyshoes.project.AdminHomeTest@57cf54e1]" started-at="2021-10-22T16:52:26 IST" name="tearDown" finished-at="2021-10-22T16:52:27 IST" duration-ms="1166" status="PASS">
          <reporter-output>
          </reporter-output>
        </test-method> <!-- tearDown -->
        <test-method is-config="true" signature="setUp()[pri:0, instance:com.sportyshoes.project.AdminHomeTest@57cf54e1]" started-at="2021-10-22T16:52:27 IST" name="setUp" finished-at="2021-10-22T16:52:32 IST" duration-ms="4613" status="PASS">
          <reporter-output>
          </reporter-output>
        </test-method> <!-- setUp -->
        <test-method signature="adminCategoriesTest()[pri:4, instance:com.sportyshoes.project.AdminHomeTest@57cf54e1]" started-at="2021-10-22T16:52:32 IST" name="adminCategoriesTest" finished-at="2021-10-22T16:52:32 IST" duration-ms="206" status="PASS">
          <reporter-output>
          </reporter-output>
        </test-method> <!-- adminCategoriesTest -->
        <test-method is-config="true" signature="tearDown()[pri:0, instance:com.sportyshoes.project.AdminHomeTest@57cf54e1]" started-at="2021-10-22T16:52:32 IST" name="tearDown" finished-at="2021-10-22T16:52:33 IST" duration-ms="693" status="PASS">
          <reporter-output>
          </reporter-output>
        </test-method> <!-- tearDown -->
        <test-method is-config="true" signature="setUp()[pri:0, instance:com.sportyshoes.project.AdminHomeTest@57cf54e1]" started-at="2021-10-22T16:52:33 IST" name="setUp" finished-at="2021-10-22T16:52:37 IST" duration-ms="4184" status="PASS">
          <reporter-output>
          </reporter-output>
        </test-method> <!-- setUp -->
        <test-method signature="adminLogout()[pri:5, instance:com.sportyshoes.project.AdminHomeTest@57cf54e1]" started-at="2021-10-22T16:52:37 IST" name="adminLogout" finished-at="2021-10-22T16:52:37 IST" duration-ms="165" status="PASS">
          <reporter-output>
          </reporter-output>
        </test-method> <!-- adminLogout -->
        <test-method is-config="true" signature="tearDown()[pri:0, instance:com.sportyshoes.project.AdminHomeTest@57cf54e1]" started-at="2021-10-22T16:52:37 IST" name="tearDown" finished-at="2021-10-22T16:52:38 IST" duration-ms="740" status="PASS">
          <reporter-output>
          </reporter-output>
        </test-method> <!-- tearDown -->
      </class> <!-- com.sportyshoes.project.AdminHomeTest -->
    </test> <!-- Default test -->
  </suite> <!-- Default suite -->
</testng-results>
